Loaded activations.
On image 0
On image 1
On image 2
On image 3
On image 4
Saved as /network/scratch/s/sonia.joseph/clip_mechinterp/tinyclip/logit_differences/cup_logits/neuron_dict_1_fc1_cups.npy
On image 0
On image 1
On image 2
On image 3
On image 4
On image 5
Saved as /network/scratch/s/sonia.joseph/clip_mechinterp/tinyclip/logit_differences/cup_logits/neuron_dict_1_fc1_random.npy
On image 0
On image 1
On image 2
On image 3
Saved as /network/scratch/s/sonia.joseph/clip_mechinterp/tinyclip/logit_differences/cup_logits/neuron_dict_1_fc1_dogs.npy

======== GPU REPORT ========

==============NVSMI LOG==============

Timestamp                                 : Sun Dec 31 02:49:19 2023
Driver Version                            : 535.104.12
CUDA Version                              : 12.2

Attached GPUs                             : 1
GPU 00000000:89:00.0
    Accounting Mode                       : Enabled
    Accounting Mode Buffer Size           : 4000
    Accounted Processes                   : None

Sun Dec 31 02:49:19 2023       
+---------------------------------------------------------------------------------------+
| NVIDIA-SMI 535.104.12             Driver Version: 535.104.12   CUDA Version: 12.2     |
|-----------------------------------------+----------------------+----------------------+
| GPU  Name                 Persistence-M | Bus-Id        Disp.A | Volatile Uncorr. ECC |
| Fan  Temp   Perf          Pwr:Usage/Cap |         Memory-Usage | GPU-Util  Compute M. |
|                                         |                      |               MIG M. |
|=========================================+======================+======================|
|   0  Quadro RTX 8000                On  | 00000000:89:00.0 Off |                    0 |
| 33%   26C    P8              24W / 260W |      1MiB / 46080MiB |      0%      Default |
|                                         |                      |                  N/A |
+-----------------------------------------+----------------------+----------------------+
                                                                                         
+---------------------------------------------------------------------------------------+
| Processes:                                                                            |
|  GPU   GI   CI        PID   Type   Process name                            GPU Memory |
|        ID   ID                                                             Usage      |
|=======================================================================================|
|  No running processes found                                                           |
+---------------------------------------------------------------------------------------+
