Running layer number: 0
Loaded cached activations and sorted by z-score.
Saving to csv...
Visualizing max/min results for each neurons

======== GPU REPORT ========

==============NVSMI LOG==============

Timestamp                                 : Fri Dec 29 15:50:38 2023
Driver Version                            : 535.104.12
CUDA Version                              : 12.2

Attached GPUs                             : 1
GPU 00000000:06:00.0
    Accounting Mode                       : Enabled
    Accounting Mode Buffer Size           : 4000
    Accounted Processes                   : None

Fri Dec 29 15:50:38 2023       
+---------------------------------------------------------------------------------------+
| NVIDIA-SMI 535.104.12             Driver Version: 535.104.12   CUDA Version: 12.2     |
|-----------------------------------------+----------------------+----------------------+
| GPU  Name                 Persistence-M | Bus-Id        Disp.A | Volatile Uncorr. ECC |
| Fan  Temp   Perf          Pwr:Usage/Cap |         Memory-Usage | GPU-Util  Compute M. |
|                                         |                      |               MIG M. |
|=========================================+======================+======================|
|   0  Tesla V100-SXM2-32GB-LS        On  | 00000000:06:00.0 Off |                    0 |
| N/A   30C    P0              43W / 163W |      0MiB / 32768MiB |      0%      Default |
|                                         |                      |                  N/A |
+-----------------------------------------+----------------------+----------------------+
                                                                                         
+---------------------------------------------------------------------------------------+
| Processes:                                                                            |
|  GPU   GI   CI        PID   Type   Process name                            GPU Memory |
|        ID   ID                                                             Usage      |
|=======================================================================================|
|  No running processes found                                                           |
+---------------------------------------------------------------------------------------+
